This is pdfTeX, Version 3.141592653-2.6-1.40.24 (TeX Live 2022/nixos.org) (preloaded format=pdflatex 1980.1.1)  5 OCT 2023 15:04
entering extended mode
 restricted \write18 enabled.
 file:line:error style messages enabled.
 %&-line parsing enabled.
**"/home/as3rg/Documents/ITMO/ITMO-Theory/3 РЎРµРјРµСЃС‚СЂ/РСЃС‚РѕСЂРёСЏ РЅР°СѓРєРё Рё С‚РµС…РЅРёРєРё/РўРµРѕСЂРёСЏ.tex"
(/home/as3rg/Documents/ITMO/ITMO-Theory/3 РЎРµРјРµСЃС‚СЂ/РСЃС‚РѕСЂРёСЏ РЅР°СѓРєРё Рё С‚РµС…РЅРёРєРё/РўРµРѕСЂРёСЏ.tex
LaTeX2e <2022-11-01> patch level 1
L3 programming layer <2023-02-22> (/nix/store/cjvj80fv6cgjzrvlbn9ysgf7fm4ag5q8-texlive-combined-2022-texmfdist/tex/latex/base/article.cls
Document Class: article 2022/07/02 v1.4n Standard LaTeX document class
(/nix/store/cjvj80fv6cgjzrvlbn9ysgf7fm4ag5q8-texlive-combined-2022-texmfdist/tex/latex/base/size12.clo
File: size12.clo 2022/07/02 v1.4n Standard LaTeX file (size option)
)
\c@part=\count185
\c@section=\count186
\c@subsection=\count187
\c@subsubsection=\count188
\c@paragraph=\count189
\c@subparagraph=\count190
\c@figure=\count191
\c@table=\count192
\abovecaptionskip=\skip48
\belowcaptionskip=\skip49
\bibindent=\dimen140
) (../../header.tex (/nix/store/cjvj80fv6cgjzrvlbn9ysgf7fm4ag5q8-texlive-combined-2022-texmfdist/tex/latex/bbold/bbold.sty
Package: bbold 1994/04/06 Bbold symbol package
) (/nix/store/cjvj80fv6cgjzrvlbn9ysgf7fm4ag5q8-texlive-combined-2022-texmfdist/tex/latex/amsfonts/amsfonts.sty
Package: amsfonts 2013/01/14 v3.01 Basic AMSFonts support
\@emptytoks=\toks16
\symAMSa=\mathgroup4
\symAMSb=\mathgroup5
LaTeX Font Info:    Redeclaring math symbol \hbar on input line 98.
LaTeX Font Info:    Overwriting math alphabet `\mathfrak' in version `bold'
(Font)                  U/euf/m/n --> U/euf/b/n on input line 106.
) (/nix/store/cjvj80fv6cgjzrvlbn9ysgf7fm4ag5q8-texlive-combined-2022-texmfdist/tex/latex/amsmath/amsmath.sty
Package: amsmath 2022/04/08 v2.17n AMS math features
\@mathmargin=\skip50

For additional information on amsmath, use the `?' option.
(/nix/store/cjvj80fv6cgjzrvlbn9ysgf7fm4ag5q8-texlive-combined-2022-texmfdist/tex/latex/amsmath/amstext.sty
Package: amstext 2021/08/26 v2.01 AMS text
 (/nix/store/cjvj80fv6cgjzrvlbn9ysgf7fm4ag5q8-texlive-combined-2022-texmfdist/tex/latex/amsmath/amsgen.sty
File: amsgen.sty 1999/11/30 v2.0 generic functions
\@emptytoks=\toks17
\ex@=\dimen141
)) (/nix/store/cjvj80fv6cgjzrvlbn9ysgf7fm4ag5q8-texlive-combined-2022-texmfdist/tex/latex/amsmath/amsbsy.sty
Package: amsbsy 1999/11/29 v1.2d Bold Symbols
\pmbraise@=\dimen142
) (/nix/store/cjvj80fv6cgjzrvlbn9ysgf7fm4ag5q8-texlive-combined-2022-texmfdist/tex/latex/amsmath/amsopn.sty
Package: amsopn 2022/04/08 v2.04 operator names
)
\inf@bad=\count193
LaTeX Info: Redefining \frac on input line 234.
\uproot@=\count194
\leftroot@=\count195
LaTeX Info: Redefining \overline on input line 399.
LaTeX Info: Redefining \colon on input line 410.
\classnum@=\count196
\DOTSCASE@=\count197
LaTeX Info: Redefining \ldots on input line 496.
LaTeX Info: Redefining \dots on input line 499.
LaTeX Info: Redefining \cdots on input line 620.
\Mathstrutbox@=\box51
\strutbox@=\box52
LaTeX Info: Redefining \big on input line 722.
LaTeX Info: Redefining \Big on input line 723.
LaTeX Info: Redefining \bigg on input line 724.
LaTeX Info: Redefining \Bigg on input line 725.
\big@size=\dimen143
LaTeX Font Info:    Redeclaring font encoding OML on input line 743.
LaTeX Font Info:    Redeclaring font encoding OMS on input line 744.
\macc@depth=\count198
LaTeX Info: Redefining \bmod on input line 905.
LaTeX Info: Redefining \pmod on input line 910.
LaTeX Info: Redefining \smash on input line 940.
LaTeX Info: Redefining \relbar on input line 970.
LaTeX Info: Redefining \Relbar on input line 971.
\c@MaxMatrixCols=\count199
\dotsspace@=\muskip16
\c@parentequation=\count266
\dspbrk@lvl=\count267
\tag@help=\toks18
\row@=\count268
\column@=\count269
\maxfields@=\count270
\andhelp@=\toks19
\eqnshift@=\dimen144
\alignsep@=\dimen145
\tagshift@=\dimen146
\tagwidth@=\dimen147
\totwidth@=\dimen148
\lineht@=\dimen149
\@envbody=\toks20
\multlinegap=\skip51
\multlinetaggap=\skip52
\mathdisplay@stack=\toks21
LaTeX Info: Redefining \[ on input line 2953.
LaTeX Info: Redefining \] on input line 2954.
) (/nix/store/cjvj80fv6cgjzrvlbn9ysgf7fm4ag5q8-texlive-combined-2022-texmfdist/tex/latex/amsfonts/amssymb.sty
Package: amssymb 2013/01/14 v3.01 AMS font symbols
) (/nix/store/cjvj80fv6cgjzrvlbn9ysgf7fm4ag5q8-texlive-combined-2022-texmfdist/tex/latex/graphics/color.sty
Package: color 2022/01/06 v1.3d Standard LaTeX Color (DPC)
 (/nix/store/cjvj80fv6cgjzrvlbn9ysgf7fm4ag5q8-texlive-combined-2022-texmfdist/tex/latex/graphics-cfg/color.cfg
File: color.cfg 2016/01/02 v1.6 sample color configuration
)
Package color Info: Driver file: pdftex.def on input line 149.
 (/nix/store/cjvj80fv6cgjzrvlbn9ysgf7fm4ag5q8-texlive-combined-2022-texmfdist/tex/latex/graphics-def/pdftex.def
File: pdftex.def 2022/09/22 v1.2b Graphics/color driver for pdftex
) (/nix/store/cjvj80fv6cgjzrvlbn9ysgf7fm4ag5q8-texlive-combined-2022-texmfdist/tex/latex/graphics/mathcolor.ltx)) (/nix/store/cjvj80fv6cgjzrvlbn9ysgf7fm4ag5q8-texlive-combined-2022-texmfdist/tex/latex/base/inputenc.sty
Package: inputenc 2021/02/14 v1.3d Input encoding file
\inpenc@prehook=\toks22
\inpenc@posthook=\toks23
) (/nix/store/cjvj80fv6cgjzrvlbn9ysgf7fm4ag5q8-texlive-combined-2022-texmfdist/tex/latex/base/fontenc.sty
Package: fontenc 2021/04/29 v2.0v Standard LaTeX package
 (/nix/store/cjvj80fv6cgjzrvlbn9ysgf7fm4ag5q8-texlive-combined-2022-texmfdist/tex/latex/cyrillic/t2aenc.def
File: t2aenc.def 2022/06/11 v1.0j Cyrillic encoding definition file
Now handling font encoding T2A ...
... processing UTF-8 mapping file for font encoding T2A
 (/nix/store/cjvj80fv6cgjzrvlbn9ysgf7fm4ag5q8-texlive-combined-2022-texmfdist/tex/latex/base/t2aenc.dfu
File: t2aenc.dfu 2022/06/07 v1.3c UTF-8 support
   defining Unicode char U+00A4 (decimal 164)
   defining Unicode char U+00A7 (decimal 167)
   defining Unicode char U+00AB (decimal 171)
   defining Unicode char U+00BB (decimal 187)
   defining Unicode char U+0131 (decimal 305)
   defining Unicode char U+0237 (decimal 567)
   defining Unicode char U+0400 (decimal 1024)
   defining Unicode char U+0401 (decimal 1025)
   defining Unicode char U+0402 (decimal 1026)
   defining Unicode char U+0403 (decimal 1027)
   defining Unicode char U+0404 (decimal 1028)
   defining Unicode char U+0405 (decimal 1029)
   defining Unicode char U+0406 (decimal 1030)
   defining Unicode char U+0407 (decimal 1031)
   defining Unicode char U+0408 (decimal 1032)
   defining Unicode char U+0409 (decimal 1033)
   defining Unicode char U+040A (decimal 1034)
   defining Unicode char U+040B (decimal 1035)
   defining Unicode char U+040C (decimal 1036)
   defining Unicode char U+040D (decimal 1037)
   defining Unicode char U+040E (decimal 1038)
   defining Unicode char U+040F (decimal 1039)
   defining Unicode char U+0410 (decimal 1040)
   defining Unicode char U+0411 (decimal 1041)
   defining Unicode char U+0412 (decimal 1042)
   defining Unicode char U+0413 (decimal 1043)
   defining Unicode char U+0414 (decimal 1044)
   defining Unicode char U+0415 (decimal 1045)
   defining Unicode char U+0416 (decimal 1046)
   defining Unicode char U+0417 (decimal 1047)
   defining Unicode char U+0418 (decimal 1048)
   defining Unicode char U+0419 (decimal 1049)
   defining Unicode char U+041A (decimal 1050)
   defining Unicode char U+041B (decimal 1051)
   defining Unicode char U+041C (decimal 1052)
   defining Unicode char U+041D (decimal 1053)
   defining Unicode char U+041E (decimal 1054)
   defining Unicode char U+041F (decimal 1055)
   defining Unicode char U+0420 (decimal 1056)
   defining Unicode char U+0421 (decimal 1057)
   defining Unicode char U+0422 (decimal 1058)
   defining Unicode char U+0423 (decimal 1059)
   defining Unicode char U+0424 (decimal 1060)
   defining Unicode char U+0425 (decimal 1061)
   defining Unicode char U+0426 (decimal 1062)
   defining Unicode char U+0427 (decimal 1063)
   defining Unicode char U+0428 (decimal 1064)
   defining Unicode char U+0429 (decimal 1065)
   defining Unicode char U+042A (decimal 1066)
   defining Unicode char U+042B (decimal 1067)
   defining Unicode char U+042C (decimal 1068)
   defining Unicode char U+042D (decimal 1069)
   defining Unicode char U+042E (decimal 1070)
   defining Unicode char U+042F (decimal 1071)
   defining Unicode char U+0430 (decimal 1072)
   defining Unicode char U+0431 (decimal 1073)
   defining Unicode char U+0432 (decimal 1074)
   defining Unicode char U+0433 (decimal 1075)
   defining Unicode char U+0434 (decimal 1076)
   defining Unicode char U+0435 (decimal 1077)
   defining Unicode char U+0436 (decimal 1078)
   defining Unicode char U+0437 (decimal 1079)
   defining Unicode char U+0438 (decimal 1080)
   defining Unicode char U+0439 (decimal 1081)
   defining Unicode char U+043A (decimal 1082)
   defining Unicode char U+043B (decimal 1083)
   defining Unicode char U+043C (decimal 1084)
   defining Unicode char U+043D (decimal 1085)
   defining Unicode char U+043E (decimal 1086)
   defining Unicode char U+043F (decimal 1087)
   defining Unicode char U+0440 (decimal 1088)
   defining Unicode char U+0441 (decimal 1089)
   defining Unicode char U+0442 (decimal 1090)
   defining Unicode char U+0443 (decimal 1091)
   defining Unicode char U+0444 (decimal 1092)
   defining Unicode char U+0445 (decimal 1093)
   defining Unicode char U+0446 (decimal 1094)
   defining Unicode char U+0447 (decimal 1095)
   defining Unicode char U+0448 (decimal 1096)
   defining Unicode char U+0449 (decimal 1097)
   defining Unicode char U+044A (decimal 1098)
   defining Unicode char U+044B (decimal 1099)
   defining Unicode char U+044C (decimal 1100)
   defining Unicode char U+044D (decimal 1101)
   defining Unicode char U+044E (decimal 1102)
   defining Unicode char U+044F (decimal 1103)
   defining Unicode char U+0450 (decimal 1104)
   defining Unicode char U+0451 (decimal 1105)
   defining Unicode char U+0452 (decimal 1106)
   defining Unicode char U+0453 (decimal 1107)
   defining Unicode char U+0454 (decimal 1108)
   defining Unicode char U+0455 (decimal 1109)
   defining Unicode char U+0456 (decimal 1110)
   defining Unicode char U+0457 (decimal 1111)
   defining Unicode char U+0458 (decimal 1112)
   defining Unicode char U+0459 (decimal 1113)
   defining Unicode char U+045A (decimal 1114)
   defining Unicode char U+045B (decimal 1115)
   defining Unicode char U+045C (decimal 1116)
   defining Unicode char U+045D (decimal 1117)
   defining Unicode char U+045E (decimal 1118)
   defining Unicode char U+045F (decimal 1119)
   defining Unicode char U+0490 (decimal 1168)
   defining Unicode char U+0491 (decimal 1169)
   defining Unicode char U+0492 (decimal 1170)
   defining Unicode char U+0493 (decimal 1171)
   defining Unicode char U+0496 (decimal 1174)
   defining Unicode char U+0497 (decimal 1175)
   defining Unicode char U+0498 (decimal 1176)
   defining Unicode char U+0499 (decimal 1177)
   defining Unicode char U+049A (decimal 1178)
   defining Unicode char U+049B (decimal 1179)
   defining Unicode char U+049C (decimal 1180)
   defining Unicode char U+049D (decimal 1181)
   defining Unicode char U+04A0 (decimal 1184)
   defining Unicode char U+04A1 (decimal 1185)
   defining Unicode char U+04A2 (decimal 1186)
   defining Unicode char U+04A3 (decimal 1187)
   defining Unicode char U+04A4 (decimal 1188)
   defining Unicode char U+04A5 (decimal 1189)
   defining Unicode char U+04AA (decimal 1194)
   defining Unicode char U+04AB (decimal 1195)
   defining Unicode char U+04AE (decimal 1198)
   defining Unicode char U+04AF (decimal 1199)
   defining Unicode char U+04B0 (decimal 1200)
   defining Unicode char U+04B1 (decimal 1201)
   defining Unicode char U+04B2 (decimal 1202)
   defining Unicode char U+04B3 (decimal 1203)
   defining Unicode char U+04B6 (decimal 1206)
   defining Unicode char U+04B7 (decimal 1207)
   defining Unicode char U+04B8 (decimal 1208)
   defining Unicode char U+04B9 (decimal 1209)
   defining Unicode char U+04BA (decimal 1210)
   defining Unicode char U+04BB (decimal 1211)
   defining Unicode char U+04C0 (decimal 1216)
   defining Unicode char U+04C1 (decimal 1217)
   defining Unicode char U+04C2 (decimal 1218)
   defining Unicode char U+04D0 (decimal 1232)
   defining Unicode char U+04D1 (decimal 1233)
   defining Unicode char U+04D2 (decimal 1234)
   defining Unicode char U+04D3 (decimal 1235)
   defining Unicode char U+04D4 (decimal 1236)
   defining Unicode char U+04D5 (decimal 1237)
   defining Unicode char U+04D6 (decimal 1238)
   defining Unicode char U+04D7 (decimal 1239)
   defining Unicode char U+04D8 (decimal 1240)
   defining Unicode char U+04D9 (decimal 1241)
   defining Unicode char U+04DA (decimal 1242)
   defining Unicode char U+04DB (decimal 1243)
   defining Unicode char U+04DC (decimal 1244)
   defining Unicode char U+04DD (decimal 1245)
   defining Unicode char U+04DE (decimal 1246)
   defining Unicode char U+04DF (decimal 1247)
   defining Unicode char U+04E2 (decimal 1250)
   defining Unicode char U+04E3 (decimal 1251)
   defining Unicode char U+04E4 (decimal 1252)
   defining Unicode char U+04E5 (decimal 1253)
   defining Unicode char U+04E6 (decimal 1254)
   defining Unicode char U+04E7 (decimal 1255)
   defining Unicode char U+04E8 (decimal 1256)
   defining Unicode char U+04E9 (decimal 1257)
   defining Unicode char U+04EC (decimal 1260)
   defining Unicode char U+04ED (decimal 1261)
   defining Unicode char U+04EE (decimal 1262)
   defining Unicode char U+04EF (decimal 1263)
   defining Unicode char U+04F0 (decimal 1264)
   defining Unicode char U+04F1 (decimal 1265)
   defining Unicode char U+04F2 (decimal 1266)
   defining Unicode char U+04F3 (decimal 1267)
   defining Unicode char U+04F4 (decimal 1268)
   defining Unicode char U+04F5 (decimal 1269)
   defining Unicode char U+04F8 (decimal 1272)
   defining Unicode char U+04F9 (decimal 1273)
   defining Unicode char U+200C (decimal 8204)
   defining Unicode char U+2013 (decimal 8211)
   defining Unicode char U+2014 (decimal 8212)
   defining Unicode char U+2018 (decimal 8216)
   defining Unicode char U+2019 (decimal 8217)
   defining Unicode char U+201C (decimal 8220)
   defining Unicode char U+201D (decimal 8221)
   defining Unicode char U+201E (decimal 8222)
   defining Unicode char U+2030 (decimal 8240)
   defining Unicode char U+2031 (decimal 8241)
   defining Unicode char U+2116 (decimal 8470)
   defining Unicode char U+2329 (decimal 9001)
   defining Unicode char U+3008 (decimal 12296)
   defining Unicode char U+232A (decimal 9002)
   defining Unicode char U+3009 (decimal 12297)
   defining Unicode char U+2423 (decimal 9251)
   defining Unicode char U+27E8 (decimal 10216)
   defining Unicode char U+27E9 (decimal 10217)
   defining Unicode char U+FB00 (decimal 64256)
   defining Unicode char U+FB01 (decimal 64257)
   defining Unicode char U+FB02 (decimal 64258)
   defining Unicode char U+FB03 (decimal 64259)
   defining Unicode char U+FB04 (decimal 64260)
   defining Unicode char U+FB05 (decimal 64261)
   defining Unicode char U+FB06 (decimal 64262)
))
LaTeX Font Info:    Trying to load font information for T2A+cmr on input line 112.
 (/nix/store/cjvj80fv6cgjzrvlbn9ysgf7fm4ag5q8-texlive-combined-2022-texmfdist/tex/latex/cyrillic/t2acmr.fd
File: t2acmr.fd 2001/08/11 v1.0a Computer Modern Cyrillic font definitions
)) (/nix/store/cjvj80fv6cgjzrvlbn9ysgf7fm4ag5q8-texlive-combined-2022-texmfdist/tex/generic/babel/babel.sty
Package: babel 2023/02/13 3.86 The Babel package
\babel@savecnt=\count271
\U@D=\dimen150
\l@unhyphenated=\language32
 (/nix/store/cjvj80fv6cgjzrvlbn9ysgf7fm4ag5q8-texlive-combined-2022-texmfdist/tex/generic/babel/txtbabel.def)
\bbl@readstream=\read2
\bbl@dirlevel=\count272
 (/nix/store/cjvj80fv6cgjzrvlbn9ysgf7fm4ag5q8-texlive-combined-2022-texmfdist/tex/generic/babel-english/english.ldf
Language: english 2017/06/06 v3.3r English support from the babel system
Package babel Info: Hyphen rules for 'canadian' set to \l@english
(babel)             (\language0). Reported on input line 102.
Package babel Info: Hyphen rules for 'australian' set to \l@ukenglish
(babel)             (\language10). Reported on input line 105.
Package babel Info: Hyphen rules for 'newzealand' set to \l@ukenglish
(babel)             (\language10). Reported on input line 108.
) (/nix/store/cjvj80fv6cgjzrvlbn9ysgf7fm4ag5q8-texlive-combined-2022-texmfdist/tex/generic/babel-russian/russianb.ldf
File: russianb.ldf 2021/01/10 1.3m Russian support for the Babel system
Language: russian 2020/09/09 1.3k Russian support for the Babel system
Package babel Info: Making " an active character on input line 124.
Package babel Info: Default for \cyrdash is provided on input line 163.
)) (/nix/store/cjvj80fv6cgjzrvlbn9ysgf7fm4ag5q8-texlive-combined-2022-texmfdist/tex/generic/babel/locale/ru/babel-russian.tex
Package babel Info: Importing font and identification data for russian
(babel)             from babel-ru.ini. Reported on input line 11.
) (/nix/store/cjvj80fv6cgjzrvlbn9ysgf7fm4ag5q8-texlive-combined-2022-texmfdist/tex/generic/babel/locale/en/babel-english.tex
Package babel Info: Importing font and identification data for english
(babel)             from babel-en.ini. Reported on input line 11.
) (/nix/store/cjvj80fv6cgjzrvlbn9ysgf7fm4ag5q8-texlive-combined-2022-texmfdist/tex/latex/graphics/graphicx.sty
Package: graphicx 2021/09/16 v1.2d Enhanced LaTeX Graphics (DPC,SPQR)
 (/nix/store/cjvj80fv6cgjzrvlbn9ysgf7fm4ag5q8-texlive-combined-2022-texmfdist/tex/latex/graphics/keyval.sty
Package: keyval 2022/05/29 v1.15 key=value parser (DPC)
\KV@toks@=\toks24
) (/nix/store/cjvj80fv6cgjzrvlbn9ysgf7fm4ag5q8-texlive-combined-2022-texmfdist/tex/latex/graphics/graphics.sty
Package: graphics 2022/03/10 v1.4e Standard LaTeX Graphics (DPC,SPQR)
 (/nix/store/cjvj80fv6cgjzrvlbn9ysgf7fm4ag5q8-texlive-combined-2022-texmfdist/tex/latex/graphics/trig.sty
Package: trig 2021/08/11 v1.11 sin cos tan (DPC)
) (/nix/store/cjvj80fv6cgjzrvlbn9ysgf7fm4ag5q8-texlive-combined-2022-texmfdist/tex/latex/graphics-cfg/graphics.cfg
File: graphics.cfg 2016/06/04 v1.11 sample graphics configuration
)
Package graphics Info: Driver file: pdftex.def on input line 107.
)
\Gin@req@height=\dimen151
\Gin@req@width=\dimen152
) (/nix/store/cjvj80fv6cgjzrvlbn9ysgf7fm4ag5q8-texlive-combined-2022-texmfdist/tex/latex/hyperref/hyperref.sty
Package: hyperref 2023-02-07 v7.00v Hypertext links for LaTeX
 (/nix/store/cjvj80fv6cgjzrvlbn9ysgf7fm4ag5q8-texlive-combined-2022-texmfdist/tex/generic/ltxcmds/ltxcmds.sty
Package: ltxcmds 2020-05-10 v1.25 LaTeX kernel commands for general use (HO)
) (/nix/store/cjvj80fv6cgjzrvlbn9ysgf7fm4ag5q8-texlive-combined-2022-texmfdist/tex/generic/iftex/iftex.sty
Package: iftex 2022/02/03 v1.0f TeX engine tests
) (/nix/store/cjvj80fv6cgjzrvlbn9ysgf7fm4ag5q8-texlive-combined-2022-texmfdist/tex/generic/pdftexcmds/pdftexcmds.sty
Package: pdftexcmds 2020-06-27 v0.33 Utility functions of pdfTeX for LuaTeX (HO)
 (/nix/store/cjvj80fv6cgjzrvlbn9ysgf7fm4ag5q8-texlive-combined-2022-texmfdist/tex/generic/infwarerr/infwarerr.sty
Package: infwarerr 2019/12/03 v1.5 Providing info/warning/error messages (HO)
)
Package pdftexcmds Info: \pdf@primitive is available.
Package pdftexcmds Info: \pdf@ifprimitive is available.
Package pdftexcmds Info: \pdfdraftmode found.
) (/nix/store/cjvj80fv6cgjzrvlbn9ysgf7fm4ag5q8-texlive-combined-2022-texmfdist/tex/latex/kvsetkeys/kvsetkeys.sty
Package: kvsetkeys 2022-10-05 v1.19 Key value parser (HO)
) (/nix/store/cjvj80fv6cgjzrvlbn9ysgf7fm4ag5q8-texlive-combined-2022-texmfdist/tex/generic/kvdefinekeys/kvdefinekeys.sty
Package: kvdefinekeys 2019-12-19 v1.6 Define keys (HO)
) (/nix/store/cjvj80fv6cgjzrvlbn9ysgf7fm4ag5q8-texlive-combined-2022-texmfdist/tex/generic/pdfescape/pdfescape.sty
Package: pdfescape 2019/12/09 v1.15 Implements pdfTeX's escape features (HO)
) (/nix/store/cjvj80fv6cgjzrvlbn9ysgf7fm4ag5q8-texlive-combined-2022-texmfdist/tex/latex/hycolor/hycolor.sty
Package: hycolor 2020-01-27 v1.10 Color options for hyperref/bookmark (HO)
) (/nix/store/cjvj80fv6cgjzrvlbn9ysgf7fm4ag5q8-texlive-combined-2022-texmfdist/tex/latex/letltxmacro/letltxmacro.sty
Package: letltxmacro 2019/12/03 v1.6 Let assignment for LaTeX macros (HO)
) (/nix/store/cjvj80fv6cgjzrvlbn9ysgf7fm4ag5q8-texlive-combined-2022-texmfdist/tex/latex/auxhook/auxhook.sty
Package: auxhook 2019-12-17 v1.6 Hooks for auxiliary files (HO)
) (/nix/store/cjvj80fv6cgjzrvlbn9ysgf7fm4ag5q8-texlive-combined-2022-texmfdist/tex/latex/hyperref/nameref.sty
Package: nameref 2022-05-17 v2.50 Cross-referencing by name of section
 (/nix/store/cjvj80fv6cgjzrvlbn9ysgf7fm4ag5q8-texlive-combined-2022-texmfdist/tex/latex/refcount/refcount.sty
Package: refcount 2019/12/15 v3.6 Data extraction from label references (HO)
) (/nix/store/cjvj80fv6cgjzrvlbn9ysgf7fm4ag5q8-texlive-combined-2022-texmfdist/tex/generic/gettitlestring/gettitlestring.sty
Package: gettitlestring 2019/12/15 v1.6 Cleanup title references (HO)
 (/nix/store/cjvj80fv6cgjzrvlbn9ysgf7fm4ag5q8-texlive-combined-2022-texmfdist/tex/latex/kvoptions/kvoptions.sty
Package: kvoptions 2022-06-15 v3.15 Key value format for package options (HO)
))
\c@section@level=\count273
)
\@linkdim=\dimen153
\Hy@linkcounter=\count274
\Hy@pagecounter=\count275
 (/nix/store/cjvj80fv6cgjzrvlbn9ysgf7fm4ag5q8-texlive-combined-2022-texmfdist/tex/latex/hyperref/pd1enc.def
File: pd1enc.def 2023-02-07 v7.00v Hyperref: PDFDocEncoding definition (HO)
Now handling font encoding PD1 ...
... no UTF-8 mapping file for font encoding PD1
) (/nix/store/cjvj80fv6cgjzrvlbn9ysgf7fm4ag5q8-texlive-combined-2022-texmfdist/tex/generic/intcalc/intcalc.sty
Package: intcalc 2019/12/15 v1.3 Expandable calculations with integers (HO)
) (/nix/store/cjvj80fv6cgjzrvlbn9ysgf7fm4ag5q8-texlive-combined-2022-texmfdist/tex/generic/etexcmds/etexcmds.sty
Package: etexcmds 2019/12/15 v1.7 Avoid name clashes with e-TeX commands (HO)
)
\Hy@SavedSpaceFactor=\count276
 (/nix/store/cjvj80fv6cgjzrvlbn9ysgf7fm4ag5q8-texlive-combined-2022-texmfdist/tex/latex/hyperref/puenc.def
File: puenc.def 2023-02-07 v7.00v Hyperref: PDF Unicode definition (HO)
Now handling font encoding PU ...
... no UTF-8 mapping file for font encoding PU
)
Package hyperref Info: Option `unicode' set `true' on input line 3164.
Package hyperref Info: Hyper figures OFF on input line 4177.
Package hyperref Info: Link nesting OFF on input line 4182.
Package hyperref Info: Hyper index ON on input line 4185.
Package hyperref Info: Plain pages OFF on input line 4192.
Package hyperref Info: Backreferencing OFF on input line 4197.
Package hyperref Info: Implicit mode ON; LaTeX internals redefined.
Package hyperref Info: Bookmarks ON on input line 4425.
\c@Hy@tempcnt=\count277
 (/nix/store/cjvj80fv6cgjzrvlbn9ysgf7fm4ag5q8-texlive-combined-2022-texmfdist/tex/latex/url/url.sty
\Urlmuskip=\muskip17
Package: url 2013/09/16  ver 3.4  Verb mode for urls, etc.
)
LaTeX Info: Redefining \url on input line 4763.
\XeTeXLinkMargin=\dimen154
 (/nix/store/cjvj80fv6cgjzrvlbn9ysgf7fm4ag5q8-texlive-combined-2022-texmfdist/tex/generic/bitset/bitset.sty
Package: bitset 2019/12/09 v1.3 Handle bit-vector datatype (HO)
 (/nix/store/cjvj80fv6cgjzrvlbn9ysgf7fm4ag5q8-texlive-combined-2022-texmfdist/tex/generic/bigintcalc/bigintcalc.sty
Package: bigintcalc 2019/12/15 v1.5 Expandable calculations on big integers (HO)
))
\Fld@menulength=\count278
\Field@Width=\dimen155
\Fld@charsize=\dimen156
Package hyperref Info: Hyper figures OFF on input line 6042.
Package hyperref Info: Link nesting OFF on input line 6047.
Package hyperref Info: Hyper index ON on input line 6050.
Package hyperref Info: backreferencing OFF on input line 6057.
Package hyperref Info: Link coloring OFF on input line 6062.
Package hyperref Info: Link coloring with OCG OFF on input line 6067.
Package hyperref Info: PDF/A mode OFF on input line 6072.
 (/nix/store/cjvj80fv6cgjzrvlbn9ysgf7fm4ag5q8-texlive-combined-2022-texmfdist/tex/latex/base/atbegshi-ltx.sty
Package: atbegshi-ltx 2021/01/10 v1.0c Emulation of the original atbegshi
package with kernel methods
)
\Hy@abspage=\count279
\c@Item=\count280
\c@Hfootnote=\count281
)
Package hyperref Info: Driver (autodetected): hpdftex.
 (/nix/store/cjvj80fv6cgjzrvlbn9ysgf7fm4ag5q8-texlive-combined-2022-texmfdist/tex/latex/hyperref/hpdftex.def
File: hpdftex.def 2023-02-07 v7.00v Hyperref driver for pdfTeX
 (/nix/store/cjvj80fv6cgjzrvlbn9ysgf7fm4ag5q8-texlive-combined-2022-texmfdist/tex/latex/base/atveryend-ltx.sty
Package: atveryend-ltx 2020/08/19 v1.0a Emulation of the original atveryend package
with kernel methods
)
\Fld@listcount=\count282
\c@bookmark@seq@number=\count283
 (/nix/store/cjvj80fv6cgjzrvlbn9ysgf7fm4ag5q8-texlive-combined-2022-texmfdist/tex/latex/rerunfilecheck/rerunfilecheck.sty
Package: rerunfilecheck 2022-07-10 v1.10 Rerun checks for auxiliary files (HO)
 (/nix/store/cjvj80fv6cgjzrvlbn9ysgf7fm4ag5q8-texlive-combined-2022-texmfdist/tex/generic/uniquecounter/uniquecounter.sty
Package: uniquecounter 2019/12/15 v1.4 Provide unlimited unique counter (HO)
)
Package uniquecounter Info: New unique counter `rerunfilecheck' on input line 285.
)
\Hy@SectionHShift=\skip53
) (/nix/store/cjvj80fv6cgjzrvlbn9ysgf7fm4ag5q8-texlive-combined-2022-texmfdist/tex/generic/mathdots/mathdots.sty
Package: mathdots 2014/06/11 v0.9 Improve and add various macros for dots in math.
\MDo@unit=\dimen157
\MDo@dotsbox=\box53
\MDoprekern=\muskip18
\MDopostkern=\muskip19
\MDodotkern=\muskip20
) (/nix/store/cjvj80fv6cgjzrvlbn9ysgf7fm4ag5q8-texlive-combined-2022-texmfdist/tex/latex/l3packages/xfrac/xfrac.sty (/nix/store/cjvj80fv6cgjzrvlbn9ysgf7fm4ag5q8-texlive-combined-2022-texmfdist/tex/latex/l3kernel/expl3.sty
Package: expl3 2023-02-22 L3 programming layer (loader) 
 (/nix/store/cjvj80fv6cgjzrvlbn9ysgf7fm4ag5q8-texlive-combined-2022-texmfdist/tex/latex/l3backend/l3backend-pdftex.def
File: l3backend-pdftex.def 2023-01-16 L3 backend support: PDF output (pdfTeX)
\l__color_backend_stack_int=\count284
\l__pdf_internal_box=\box54
)) (/nix/store/cjvj80fv6cgjzrvlbn9ysgf7fm4ag5q8-texlive-combined-2022-texmfdist/tex/latex/l3packages/l3keys2e/l3keys2e.sty
Package: l3keys2e 2023-02-02 LaTeX2e option processing using LaTeX3 keys
) (/nix/store/cjvj80fv6cgjzrvlbn9ysgf7fm4ag5q8-texlive-combined-2022-texmfdist/tex/latex/base/textcomp.sty
Package: textcomp 2020/02/02 v2.0n Standard LaTeX package
) (/nix/store/cjvj80fv6cgjzrvlbn9ysgf7fm4ag5q8-texlive-combined-2022-texmfdist/tex/latex/l3packages/xparse/xparse.sty
Package: xparse 2023-02-02 L3 Experimental document command parser
) (/nix/store/cjvj80fv6cgjzrvlbn9ysgf7fm4ag5q8-texlive-combined-2022-texmfdist/tex/latex/l3packages/xtemplate/xtemplate.sty
Package: xtemplate 2023-02-02 L3 Experimental prototype document functions
\l__xtemplate_tmp_dim=\dimen158
\l__xtemplate_tmp_int=\count285
\l__xtemplate_tmp_muskip=\muskip21
\l__xtemplate_tmp_skip=\skip54
)
Package: xfrac 2023-02-02 L3 Experimental split-level fractions
\l__xfrac_slash_box=\box55
\l__xfrac_tmp_box=\box56
\l__xfrac_denominator_bot_sep_dim=\dimen159
\l__xfrac_numerator_bot_sep_dim=\dimen160
\l__xfrac_numerator_top_sep_dim=\dimen161
\l__xfrac_slash_left_sep_dim=\dimen162
\l__xfrac_slash_right_sep_dim=\dimen163
\l__xfrac_slash_left_muskip=\muskip22
\l__xfrac_slash_right_muskip=\muskip23

Package xtemplate Info: Declaring object type 'xfrac' taking 3 argument(s) on
(xtemplate)             line 80.

) (/nix/store/cjvj80fv6cgjzrvlbn9ysgf7fm4ag5q8-texlive-combined-2022-texmfdist/tex/latex/listings/listings.sty
\lst@mode=\count286
\lst@gtempboxa=\box57
\lst@token=\toks25
\lst@length=\count287
\lst@currlwidth=\dimen164
\lst@column=\count288
\lst@pos=\count289
\lst@lostspace=\dimen165
\lst@width=\dimen166
\lst@newlines=\count290
\lst@lineno=\count291
\lst@maxwidth=\dimen167
 (/nix/store/cjvj80fv6cgjzrvlbn9ysgf7fm4ag5q8-texlive-combined-2022-texmfdist/tex/latex/listings/lstmisc.sty
File: lstmisc.sty 2023/02/27 1.9 (Carsten Heinz)
\c@lstnumber=\count292
\lst@skipnumbers=\count293
\lst@framebox=\box58
) (/nix/store/cjvj80fv6cgjzrvlbn9ysgf7fm4ag5q8-texlive-combined-2022-texmfdist/tex/latex/listings/listings.cfg
File: listings.cfg 2023/02/27 1.9 listings configuration
))
Package: listings 2023/02/27 1.9 (Carsten Heinz)
 (/nix/store/cjvj80fv6cgjzrvlbn9ysgf7fm4ag5q8-texlive-combined-2022-texmfdist/tex/latex/xcolor/xcolor.sty
Package: xcolor 2022/06/12 v2.14 LaTeX color extensions (UK)
 (/nix/store/cjvj80fv6cgjzrvlbn9ysgf7fm4ag5q8-texlive-combined-2022-texmfdist/tex/latex/graphics-cfg/color.cfg
File: color.cfg 2016/01/02 v1.6 sample color configuration
)
Package xcolor Info: Driver file: pdftex.def on input line 227.
LaTeX Info: Redefining \color on input line 711.
 (/nix/store/cjvj80fv6cgjzrvlbn9ysgf7fm4ag5q8-texlive-combined-2022-texmfdist/tex/latex/graphics/mathcolor.ltx)
Package xcolor Info: Model `cmy' substituted by `cmy0' on input line 1353.
Package xcolor Info: Model `hsb' substituted by `rgb' on input line 1357.
Package xcolor Info: Model `RGB' extended on input line 1369.
Package xcolor Info: Model `HTML' substituted by `rgb' on input line 1371.
Package xcolor Info: Model `Hsb' substituted by `hsb' on input line 1372.
Package xcolor Info: Model `tHsb' substituted by `hsb' on input line 1373.
Package xcolor Info: Model `HSB' substituted by `hsb' on input line 1374.
Package xcolor Info: Model `Gray' substituted by `gray' on input line 1375.
Package xcolor Info: Model `wave' substituted by `hsb' on input line 1376.
) (/nix/store/cjvj80fv6cgjzrvlbn9ysgf7fm4ag5q8-texlive-combined-2022-texmfdist/tex/latex/pgf/frontendlayer/tikz.sty (/nix/store/cjvj80fv6cgjzrvlbn9ysgf7fm4ag5q8-texlive-combined-2022-texmfdist/tex/latex/pgf/basiclayer/pgf.sty (/nix/store/cjvj80fv6cgjzrvlbn9ysgf7fm4ag5q8-texlive-combined-2022-texmfdist/tex/latex/pgf/utilities/pgfrcs.sty (/nix/store/cjvj80fv6cgjzrvlbn9ysgf7fm4ag5q8-texlive-combined-2022-texmfdist/tex/generic/pgf/utilities/pgfutil-common.tex
\pgfutil@everybye=\toks26
\pgfutil@tempdima=\dimen168
\pgfutil@tempdimb=\dimen169
) (/nix/store/cjvj80fv6cgjzrvlbn9ysgf7fm4ag5q8-texlive-combined-2022-texmfdist/tex/generic/pgf/utilities/pgfutil-latex.def
\pgfutil@abb=\box59
) (/nix/store/cjvj80fv6cgjzrvlbn9ysgf7fm4ag5q8-texlive-combined-2022-texmfdist/tex/generic/pgf/utilities/pgfrcs.code.tex (/nix/store/cjvj80fv6cgjzrvlbn9ysgf7fm4ag5q8-texlive-combined-2022-texmfdist/tex/generic/pgf/pgf.revision.tex)
Package: pgfrcs 2023-01-15 v3.1.10 (3.1.10)
))
Package: pgf 2023-01-15 v3.1.10 (3.1.10)
 (/nix/store/cjvj80fv6cgjzrvlbn9ysgf7fm4ag5q8-texlive-combined-2022-texmfdist/tex/latex/pgf/basiclayer/pgfcore.sty (/nix/store/cjvj80fv6cgjzrvlbn9ysgf7fm4ag5q8-texlive-combined-2022-texmfdist/tex/latex/pgf/systemlayer/pgfsys.sty (/nix/store/cjvj80fv6cgjzrvlbn9ysgf7fm4ag5q8-texlive-combined-2022-texmfdist/tex/generic/pgf/systemlayer/pgfsys.code.tex
Package: pgfsys 2023-01-15 v3.1.10 (3.1.10)
 (/nix/store/cjvj80fv6cgjzrvlbn9ysgf7fm4ag5q8-texlive-combined-2022-texmfdist/tex/generic/pgf/utilities/pgfkeys.code.tex
\pgfkeys@pathtoks=\toks27
\pgfkeys@temptoks=\toks28
 (/nix/store/cjvj80fv6cgjzrvlbn9ysgf7fm4ag5q8-texlive-combined-2022-texmfdist/tex/generic/pgf/utilities/pgfkeyslibraryfiltered.code.tex
\pgfkeys@tmptoks=\toks29
))
\pgf@x=\dimen170
\pgf@y=\dimen171
\pgf@xa=\dimen172
\pgf@ya=\dimen173
\pgf@xb=\dimen174
\pgf@yb=\dimen175
\pgf@xc=\dimen176
\pgf@yc=\dimen177
\pgf@xd=\dimen178
\pgf@yd=\dimen179
\w@pgf@writea=\write3
\r@pgf@reada=\read3
\c@pgf@counta=\count294
\c@pgf@countb=\count295
\c@pgf@countc=\count296
\c@pgf@countd=\count297
\t@pgf@toka=\toks30
\t@pgf@tokb=\toks31
\t@pgf@tokc=\toks32
\pgf@sys@id@count=\count298
 (/nix/store/cjvj80fv6cgjzrvlbn9ysgf7fm4ag5q8-texlive-combined-2022-texmfdist/tex/generic/pgf/systemlayer/pgf.cfg
File: pgf.cfg 2023-01-15 v3.1.10 (3.1.10)
)
Driver file for pgf: pgfsys-pdftex.def
 (/nix/store/cjvj80fv6cgjzrvlbn9ysgf7fm4ag5q8-texlive-combined-2022-texmfdist/tex/generic/pgf/systemlayer/pgfsys-pdftex.def
File: pgfsys-pdftex.def 2023-01-15 v3.1.10 (3.1.10)
 (/nix/store/cjvj80fv6cgjzrvlbn9ysgf7fm4ag5q8-texlive-combined-2022-texmfdist/tex/generic/pgf/systemlayer/pgfsys-common-pdf.def
File: pgfsys-common-pdf.def 2023-01-15 v3.1.10 (3.1.10)
))) (/nix/store/cjvj80fv6cgjzrvlbn9ysgf7fm4ag5q8-texlive-combined-2022-texmfdist/tex/generic/pgf/systemlayer/pgfsyssoftpath.code.tex
File: pgfsyssoftpath.code.tex 2023-01-15 v3.1.10 (3.1.10)
\pgfsyssoftpath@smallbuffer@items=\count299
\pgfsyssoftpath@bigbuffer@items=\count300
) (/nix/store/cjvj80fv6cgjzrvlbn9ysgf7fm4ag5q8-texlive-combined-2022-texmfdist/tex/generic/pgf/systemlayer/pgfsysprotocol.code.tex
File: pgfsysprotocol.code.tex 2023-01-15 v3.1.10 (3.1.10)
)) (/nix/store/cjvj80fv6cgjzrvlbn9ysgf7fm4ag5q8-texlive-combined-2022-texmfdist/tex/generic/pgf/basiclayer/pgfcore.code.tex
Package: pgfcore 2023-01-15 v3.1.10 (3.1.10)
 (/nix/store/cjvj80fv6cgjzrvlbn9ysgf7fm4ag5q8-texlive-combined-2022-texmfdist/tex/generic/pgf/math/pgfmath.code.tex (/nix/store/cjvj80fv6cgjzrvlbn9ysgf7fm4ag5q8-texlive-combined-2022-texmfdist/tex/generic/pgf/math/pgfmathutil.code.tex) (/nix/store/cjvj80fv6cgjzrvlbn9ysgf7fm4ag5q8-texlive-combined-2022-texmfdist/tex/generic/pgf/math/pgfmathparser.code.tex
\pgfmath@dimen=\dimen180
\pgfmath@count=\count301
\pgfmath@box=\box60
\pgfmath@toks=\toks33
\pgfmath@stack@operand=\toks34
\pgfmath@stack@operation=\toks35
)
(/nix/store/cjvj80fv6cgjzrvlbn9ysgf7fm4ag5q8-texlive-combined-2022-texmfdist/tex/generic/pgf/math/pgfmathfunctions.code.tex) (/nix/store/cjvj80fv6cgjzrvlbn9ysgf7fm4ag5q8-texlive-combined-2022-texmfdist/tex/generic/pgf/math/pgfmathfunctions.basic.code.tex) (/nix/store/cjvj80fv6cgjzrvlbn9ysgf7fm4ag5q8-texlive-combined-2022-texmfdist/tex/generic/pgf/math/pgfmathfunctions.trigonometric.code.tex) (/nix/store/cjvj80fv6cgjzrvlbn9ysgf7fm4ag5q8-texlive-combined-2022-texmfdist/tex/generic/pgf/math/pgfmathfunctions.random.code.tex) (/nix/store/cjvj80fv6cgjzrvlbn9ysgf7fm4ag5q8-texlive-combined-2022-texmfdist/tex/generic/pgf/math/pgfmathfunctions.comparison.code.tex) (/nix/store/cjvj80fv6cgjzrvlbn9ysgf7fm4ag5q8-texlive-combined-2022-texmfdist/tex/generic/pgf/math/pgfmathfunctions.base.code.tex) (/nix/store/cjvj80fv6cgjzrvlbn9ysgf7fm4ag5q8-texlive-combined-2022-texmfdist/tex/generic/pgf/math/pgfmathfunctions.round.code.tex) (/nix/store/cjvj80fv6cgjzrvlbn9ysgf7fm4ag5q8-texlive-combined-2022-texmfdist/tex/generic/pgf/math/pgfmathfunctions.misc.code.tex) (/nix/store/cjvj80fv6cgjzrvlbn9ysgf7fm4ag5q8-texlive-combined-2022-texmfdist/tex/generic/pgf/math/pgfmathfunctions.integerarithmetics.code.tex) (/nix/store/cjvj80fv6cgjzrvlbn9ysgf7fm4ag5q8-texlive-combined-2022-texmfdist/tex/generic/pgf/math/pgfmathcalc.code.tex) (/nix/store/cjvj80fv6cgjzrvlbn9ysgf7fm4ag5q8-texlive-combined-2022-texmfdist/tex/generic/pgf/math/pgfmathfloat.code.tex
\c@pgfmathroundto@lastzeros=\count302
)) (/nix/store/cjvj80fv6cgjzrvlbn9ysgf7fm4ag5q8-texlive-combined-2022-texmfdist/tex/generic/pgf/math/pgfint.code.tex) (/nix/store/cjvj80fv6cgjzrvlbn9ysgf7fm4ag5q8-texlive-combined-2022-texmfdist/tex/generic/pgf/basiclayer/pgfcorepoints.code.tex
File: pgfcorepoints.code.tex 2023-01-15 v3.1.10 (3.1.10)
\pgf@picminx=\dimen181
\pgf@picmaxx=\dimen182
\pgf@picminy=\dimen183
\pgf@picmaxy=\dimen184
\pgf@pathminx=\dimen185
\pgf@pathmaxx=\dimen186
\pgf@pathminy=\dimen187
\pgf@pathmaxy=\dimen188
\pgf@xx=\dimen189
\pgf@xy=\dimen190
\pgf@yx=\dimen191
\pgf@yy=\dimen192
\pgf@zx=\dimen193
\pgf@zy=\dimen194
) (/nix/store/cjvj80fv6cgjzrvlbn9ysgf7fm4ag5q8-texlive-combined-2022-texmfdist/tex/generic/pgf/basiclayer/pgfcorepathconstruct.code.tex
File: pgfcorepathconstruct.code.tex 2023-01-15 v3.1.10 (3.1.10)
\pgf@path@lastx=\dimen195
\pgf@path@lasty=\dimen196
) (/nix/store/cjvj80fv6cgjzrvlbn9ysgf7fm4ag5q8-texlive-combined-2022-texmfdist/tex/generic/pgf/basiclayer/pgfcorepathusage.code.tex
File: pgfcorepathusage.code.tex 2023-01-15 v3.1.10 (3.1.10)
\pgf@shorten@end@additional=\dimen197
\pgf@shorten@start@additional=\dimen198
) (/nix/store/cjvj80fv6cgjzrvlbn9ysgf7fm4ag5q8-texlive-combined-2022-texmfdist/tex/generic/pgf/basiclayer/pgfcorescopes.code.tex
File: pgfcorescopes.code.tex 2023-01-15 v3.1.10 (3.1.10)
\pgfpic=\box61
\pgf@hbox=\box62
\pgf@layerbox@main=\box63
\pgf@picture@serial@count=\count303
) (/nix/store/cjvj80fv6cgjzrvlbn9ysgf7fm4ag5q8-texlive-combined-2022-texmfdist/tex/generic/pgf/basiclayer/pgfcoregraphicstate.code.tex
File: pgfcoregraphicstate.code.tex 2023-01-15 v3.1.10 (3.1.10)
\pgflinewidth=\dimen199
) (/nix/store/cjvj80fv6cgjzrvlbn9ysgf7fm4ag5q8-texlive-combined-2022-texmfdist/tex/generic/pgf/basiclayer/pgfcoretransformations.code.tex
File: pgfcoretransformations.code.tex 2023-01-15 v3.1.10 (3.1.10)
\pgf@pt@x=\dimen256
\pgf@pt@y=\dimen257
\pgf@pt@temp=\dimen258
) (/nix/store/cjvj80fv6cgjzrvlbn9ysgf7fm4ag5q8-texlive-combined-2022-texmfdist/tex/generic/pgf/basiclayer/pgfcorequick.code.tex
File: pgfcorequick.code.tex 2023-01-15 v3.1.10 (3.1.10)
) (/nix/store/cjvj80fv6cgjzrvlbn9ysgf7fm4ag5q8-texlive-combined-2022-texmfdist/tex/generic/pgf/basiclayer/pgfcoreobjects.code.tex
File: pgfcoreobjects.code.tex 2023-01-15 v3.1.10 (3.1.10)
) (/nix/store/cjvj80fv6cgjzrvlbn9ysgf7fm4ag5q8-texlive-combined-2022-texmfdist/tex/generic/pgf/basiclayer/pgfcorepathprocessing.code.tex
File: pgfcorepathprocessing.code.tex 2023-01-15 v3.1.10 (3.1.10)
) (/nix/store/cjvj80fv6cgjzrvlbn9ysgf7fm4ag5q8-texlive-combined-2022-texmfdist/tex/generic/pgf/basiclayer/pgfcorearrows.code.tex
File: pgfcorearrows.code.tex 2023-01-15 v3.1.10 (3.1.10)
\pgfarrowsep=\dimen259
) (/nix/store/cjvj80fv6cgjzrvlbn9ysgf7fm4ag5q8-texlive-combined-2022-texmfdist/tex/generic/pgf/basiclayer/pgfcoreshade.code.tex
File: pgfcoreshade.code.tex 2023-01-15 v3.1.10 (3.1.10)
\pgf@max=\dimen260
\pgf@sys@shading@range@num=\count304
\pgf@shadingcount=\count305
) (/nix/store/cjvj80fv6cgjzrvlbn9ysgf7fm4ag5q8-texlive-combined-2022-texmfdist/tex/generic/pgf/basiclayer/pgfcoreimage.code.tex
File: pgfcoreimage.code.tex 2023-01-15 v3.1.10 (3.1.10)
) (/nix/store/cjvj80fv6cgjzrvlbn9ysgf7fm4ag5q8-texlive-combined-2022-texmfdist/tex/generic/pgf/basiclayer/pgfcoreexternal.code.tex
File: pgfcoreexternal.code.tex 2023-01-15 v3.1.10 (3.1.10)
\pgfexternal@startupbox=\box64
) (/nix/store/cjvj80fv6cgjzrvlbn9ysgf7fm4ag5q8-texlive-combined-2022-texmfdist/tex/generic/pgf/basiclayer/pgfcorelayers.code.tex
File: pgfcorelayers.code.tex 2023-01-15 v3.1.10 (3.1.10)
) (/nix/store/cjvj80fv6cgjzrvlbn9ysgf7fm4ag5q8-texlive-combined-2022-texmfdist/tex/generic/pgf/basiclayer/pgfcoretransparency.code.tex
File: pgfcoretransparency.code.tex 2023-01-15 v3.1.10 (3.1.10)
) (/nix/store/cjvj80fv6cgjzrvlbn9ysgf7fm4ag5q8-texlive-combined-2022-texmfdist/tex/generic/pgf/basiclayer/pgfcorepatterns.code.tex
File: pgfcorepatterns.code.tex 2023-01-15 v3.1.10 (3.1.10)
) (/nix/store/cjvj80fv6cgjzrvlbn9ysgf7fm4ag5q8-texlive-combined-2022-texmfdist/tex/generic/pgf/basiclayer/pgfcorerdf.code.tex
File: pgfcorerdf.code.tex 2023-01-15 v3.1.10 (3.1.10)
))) (/nix/store/cjvj80fv6cgjzrvlbn9ysgf7fm4ag5q8-texlive-combined-2022-texmfdist/tex/generic/pgf/modules/pgfmoduleshapes.code.tex
File: pgfmoduleshapes.code.tex 2023-01-15 v3.1.10 (3.1.10)
\pgfnodeparttextbox=\box65
) (/nix/store/cjvj80fv6cgjzrvlbn9ysgf7fm4ag5q8-texlive-combined-2022-texmfdist/tex/generic/pgf/modules/pgfmoduleplot.code.tex
File: pgfmoduleplot.code.tex 2023-01-15 v3.1.10 (3.1.10)
) (/nix/store/cjvj80fv6cgjzrvlbn9ysgf7fm4ag5q8-texlive-combined-2022-texmfdist/tex/latex/pgf/compatibility/pgfcomp-version-0-65.sty
Package: pgfcomp-version-0-65 2023-01-15 v3.1.10 (3.1.10)
\pgf@nodesepstart=\dimen261
\pgf@nodesepend=\dimen262
) (/nix/store/cjvj80fv6cgjzrvlbn9ysgf7fm4ag5q8-texlive-combined-2022-texmfdist/tex/latex/pgf/compatibility/pgfcomp-version-1-18.sty
Package: pgfcomp-version-1-18 2023-01-15 v3.1.10 (3.1.10)
)) (/nix/store/cjvj80fv6cgjzrvlbn9ysgf7fm4ag5q8-texlive-combined-2022-texmfdist/tex/latex/pgf/utilities/pgffor.sty (/nix/store/cjvj80fv6cgjzrvlbn9ysgf7fm4ag5q8-texlive-combined-2022-texmfdist/tex/latex/pgf/utilities/pgfkeys.sty (/nix/store/cjvj80fv6cgjzrvlbn9ysgf7fm4ag5q8-texlive-combined-2022-texmfdist/tex/generic/pgf/utilities/pgfkeys.code.tex)) (/nix/store/cjvj80fv6cgjzrvlbn9ysgf7fm4ag5q8-texlive-combined-2022-texmfdist/tex/latex/pgf/math/pgfmath.sty (/nix/store/cjvj80fv6cgjzrvlbn9ysgf7fm4ag5q8-texlive-combined-2022-texmfdist/tex/generic/pgf/math/pgfmath.code.tex)) (/nix/store/cjvj80fv6cgjzrvlbn9ysgf7fm4ag5q8-texlive-combined-2022-texmfdist/tex/generic/pgf/utilities/pgffor.code.tex
Package: pgffor 2023-01-15 v3.1.10 (3.1.10)
\pgffor@iter=\dimen263
\pgffor@skip=\dimen264
\pgffor@stack=\toks36
\pgffor@toks=\toks37
)) (/nix/store/cjvj80fv6cgjzrvlbn9ysgf7fm4ag5q8-texlive-combined-2022-texmfdist/tex/generic/pgf/frontendlayer/tikz/tikz.code.tex
Package: tikz 2023-01-15 v3.1.10 (3.1.10)
 (/nix/store/cjvj80fv6cgjzrvlbn9ysgf7fm4ag5q8-texlive-combined-2022-texmfdist/tex/generic/pgf/libraries/pgflibraryplothandlers.code.tex
File: pgflibraryplothandlers.code.tex 2023-01-15 v3.1.10 (3.1.10)
\pgf@plot@mark@count=\count306
\pgfplotmarksize=\dimen265
)
\tikz@lastx=\dimen266
\tikz@lasty=\dimen267
\tikz@lastxsaved=\dimen268
\tikz@lastysaved=\dimen269
\tikz@lastmovetox=\dimen270
\tikz@lastmovetoy=\dimen271
\tikzleveldistance=\dimen272
\tikzsiblingdistance=\dimen273
\tikz@figbox=\box66
\tikz@figbox@bg=\box67
\tikz@tempbox=\box68
\tikz@tempbox@bg=\box69
\tikztreelevel=\count307
\tikznumberofchildren=\count308
\tikznumberofcurrentchild=\count309
\tikz@fig@count=\count310
 (/nix/store/cjvj80fv6cgjzrvlbn9ysgf7fm4ag5q8-texlive-combined-2022-texmfdist/tex/generic/pgf/modules/pgfmodulematrix.code.tex
File: pgfmodulematrix.code.tex 2023-01-15 v3.1.10 (3.1.10)
\pgfmatrixcurrentrow=\count311
\pgfmatrixcurrentcolumn=\count312
\pgf@matrix@numberofcolumns=\count313
)
\tikz@expandcount=\count314
 (/nix/store/cjvj80fv6cgjzrvlbn9ysgf7fm4ag5q8-texlive-combined-2022-texmfdist/tex/generic/pgf/frontendlayer/tikz/libraries/tikzlibrarytopaths.code.tex
File: tikzlibrarytopaths.code.tex 2023-01-15 v3.1.10 (3.1.10)
))) (/nix/store/cjvj80fv6cgjzrvlbn9ysgf7fm4ag5q8-texlive-combined-2022-texmfdist/tex/generic/pgf/frontendlayer/tikz/libraries/tikzlibrarypositioning.code.tex
File: tikzlibrarypositioning.code.tex 2023-01-15 v3.1.10 (3.1.10)
) (/nix/store/cjvj80fv6cgjzrvlbn9ysgf7fm4ag5q8-texlive-combined-2022-texmfdist/tex/generic/pgf/frontendlayer/tikz/libraries/tikzlibrarydecorations.pathmorphing.code.tex (/nix/store/cjvj80fv6cgjzrvlbn9ysgf7fm4ag5q8-texlive-combined-2022-texmfdist/tex/generic/pgf/frontendlayer/tikz/libraries/tikzlibrarydecorations.code.tex (/nix/store/cjvj80fv6cgjzrvlbn9ysgf7fm4ag5q8-texlive-combined-2022-texmfdist/tex/generic/pgf/modules/pgfmoduledecorations.code.tex
\pgfdecoratedcompleteddistance=\dimen274
\pgfdecoratedremainingdistance=\dimen275
\pgfdecoratedinputsegmentcompleteddistance=\dimen276
\pgfdecoratedinputsegmentremainingdistance=\dimen277
\pgf@decorate@distancetomove=\dimen278
\pgf@decorate@repeatstate=\count315
\pgfdecorationsegmentamplitude=\dimen279
\pgfdecorationsegmentlength=\dimen280
)
\tikz@lib@dec@box=\box70
) (/nix/store/cjvj80fv6cgjzrvlbn9ysgf7fm4ag5q8-texlive-combined-2022-texmfdist/tex/generic/pgf/libraries/decorations/pgflibrarydecorations.pathmorphing.code.tex))) (./РўРµРѕСЂРёСЏ.aux)
\openout1 = `РўРµРѕСЂРёСЏ.aux'.

LaTeX Font Info:    Checking defaults for OML/cmm/m/it on input line 12.
LaTeX Font Info:    ... okay on input line 12.
LaTeX Font Info:    Checking defaults for OMS/cmsy/m/n on input line 12.
LaTeX Font Info:    ... okay on input line 12.
LaTeX Font Info:    Checking defaults for OT1/cmr/m/n on input line 12.
LaTeX Font Info:    ... okay on input line 12.
LaTeX Font Info:    Checking defaults for T1/cmr/m/n on input line 12.
LaTeX Font Info:    ... okay on input line 12.
LaTeX Font Info:    Checking defaults for TS1/cmr/m/n on input line 12.
LaTeX Font Info:    ... okay on input line 12.
LaTeX Font Info:    Checking defaults for OMX/cmex/m/n on input line 12.
LaTeX Font Info:    ... okay on input line 12.
LaTeX Font Info:    Checking defaults for U/cmr/m/n on input line 12.
LaTeX Font Info:    ... okay on input line 12.
LaTeX Font Info:    Checking defaults for T2A/cmr/m/n on input line 12.
LaTeX Font Info:    ... okay on input line 12.
LaTeX Font Info:    Checking defaults for PD1/pdf/m/n on input line 12.
LaTeX Font Info:    ... okay on input line 12.
LaTeX Font Info:    Checking defaults for PU/pdf/m/n on input line 12.
LaTeX Font Info:    ... okay on input line 12.
 (/nix/store/cjvj80fv6cgjzrvlbn9ysgf7fm4ag5q8-texlive-combined-2022-texmfdist/tex/context/base/mkii/supp-pdf.mkii
[Loading MPS to PDF converter (version 2006.09.02).]
\scratchcounter=\count316
\scratchdimen=\dimen281
\scratchbox=\box71
\nofMPsegments=\count317
\nofMParguments=\count318
\everyMPshowfont=\toks38
\MPscratchCnt=\count319
\MPscratchDim=\dimen282
\MPnumerator=\count320
\makeMPintoPDFobject=\count321
\everyMPtoPDFconversion=\toks39
) (/nix/store/cjvj80fv6cgjzrvlbn9ysgf7fm4ag5q8-texlive-combined-2022-texmfdist/tex/latex/epstopdf-pkg/epstopdf-base.sty
Package: epstopdf-base 2020-01-24 v2.11 Base part for package epstopdf
Package epstopdf-base Info: Redefining graphics rule for `.eps' on input line 485.
 (/nix/store/cjvj80fv6cgjzrvlbn9ysgf7fm4ag5q8-texlive-combined-2022-texmfdist/tex/latex/latexconfig/epstopdf-sys.cfg
File: epstopdf-sys.cfg 2010/07/13 v1.3 Configuration of (r)epstopdf for TeX Live
))
LaTeX Info: Redefining \th on input line 12.
Package hyperref Info: Link coloring OFF on input line 12.
 (./РўРµРѕСЂРёСЏ.out) (./РўРµРѕСЂРёСЏ.out)
\@outlinefile=\write4
\openout4 = `РўРµРѕСЂРёСЏ.out'.

\c@lstlisting=\count322
LaTeX Font Info:    Trying to load font information for U+msa on input line 14.
 (/nix/store/cjvj80fv6cgjzrvlbn9ysgf7fm4ag5q8-texlive-combined-2022-texmfdist/tex/latex/amsfonts/umsa.fd
File: umsa.fd 2013/01/14 v3.01 AMS symbols A
)
LaTeX Font Info:    Trying to load font information for U+msb on input line 14.
 (/nix/store/cjvj80fv6cgjzrvlbn9ysgf7fm4ag5q8-texlive-combined-2022-texmfdist/tex/latex/amsfonts/umsb.fd
File: umsb.fd 2013/01/14 v3.01 AMS symbols B
)
Overfull \hbox (3.04472pt too wide) in paragraph at lines 26--27
[]\T2A/cmr/m/n/12 Поиск, си-сте-ма-ти-за-ция, ана-лиз и обоб-ще-ние историко-научных фак-
 []

[1

{/nix/store/wlb01pw3vnj5dp4b4zyrflcsa7x2l2jg-texlive-combined-2022/share/texmf-var/fonts/map/pdftex/updmap/pdftex.map}]
Overfull \hbox (19.19176pt too wide) in paragraph at lines 43--47
\T2A/cmr/m/n/12 непо-сред-ствен-ную про-из-во-ди-тель-ную си-лу об-ще-ства в ре-зуль-та-те социально-
 []


Overfull \hbox (1.07755pt too wide) in paragraph at lines 52--56
\T2A/cmr/m/n/12 Можешь вы-брать наи-бо-лее по-нра-вив-ше-е-ся или до-ка-зать эк-ви-ва-лент-ность 
 []


Underfull \hbox (badness 10000) in paragraph at lines 52--56

 []

[2] [3] [4] (./РўРµРѕСЂРёСЏ.aux)
Package rerunfilecheck Info: File `РўРµРѕСЂРёСЏ.out' has not changed.
(rerunfilecheck)             Checksum: 6BFEA599C831FA5210DF90493C7ECCA1;124.
 ) 
Here is how much of TeX's memory you used:
 24657 strings out of 476955
 477529 string characters out of 5805773
 1858388 words of memory out of 5000000
 44473 multiletter control sequences out of 15000+600000
 520381 words of font info for 51 fonts, out of 8000000 for 9000
 735 hyphenation exceptions out of 8191
 89i,6n,83p,563b,529s stack positions out of 10000i,1000n,20000p,200000b,200000s
 </home/as3rg/.texlive2022/texmf-var/fonts/pk/ljfour/lh/lh-t2a/labx1200.600pk> </home/as3rg/.texlive2022/texmf-var/fonts/pk/ljfour/jknappen/ec/tcrm1200.600pk> </home/as3rg/.texlive2022/texmf-var/fonts/pk/ljfour/lh/lh-t2a/larm1200.600pk> </home/as3rg/.texlive2022/texmf-var/fonts/pk/ljfour/lh/lh-t2a/labx1728.600pk> </home/as3rg/.texlive2022/texmf-var/fonts/pk/ljfour/lh/lh-t2a/larm1440.600pk> </home/as3rg/.texlive2022/texmf-var/fonts/pk/ljfour/lh/lh-t2a/larm2074.600pk>
Output written on РўРµРѕСЂРёСЏ.pdf (4 pages, 42905 bytes).
PDF statistics:
 177 PDF objects out of 1000 (max. 8388607)
 55 compressed objects within 1 object stream
 9 named destinations out of 1000 (max. 500000)
 21 words of extra memory for PDF output out of 10000 (max. 10000000)

